Time: Fri Mar 23 13:20:21 2018  		Command: Ask me Anything
Time: Fri Mar 23 13:20:59 2018  		Command: Ask me Anything
Time: Sun Mar 25 20:50:13 2018  		Command: Ask me Anything
Time: Mon Mar 26 02:17:53 2018  		Command: Ask me Anything
Time: Mon Mar 26 02:18:25 2018  		Command: Ask me Anything
Time: Mon Mar 26 02:18:50 2018  		Command: Ask me Anything
Time: Mon Mar 26 02:24:21 2018  		Command: Ask me Anything
Time: Mon Mar 26 02:26:32 2018  		Command: Ask me Anything
Time: Mon Mar 26 02:33:07 2018  		Command: Ask me Anything
Time: Mon Mar 26 02:37:16 2018  		Command: Ask me Anything
Time: Mon Mar 26 02:38:19 2018  		Command: Ask me Anything
Time: Mon Mar 26 02:40:52 2018  		Command: Ask me Anything
Time: Mon Mar 26 02:43:19 2018  		Command: Ask me Anything
Time: Mon Mar 26 02:44:48 2018  		Command: Ask me Anything
Time: Mon Mar 26 02:49:49 2018  		Command: Ask me Anything
Time: Mon Mar 26 02:50:19 2018  		Command: Ask me Anything
Time: Mon Mar 26 02:51:15 2018  		Command: Ask me Anything
Time: Mon Mar 26 02:52:15 2018  		Command: Ask me Anything
Time: Mon Mar 26 02:59:16 2018  		Command: Ask me Anything
Time: Mon Mar 26 03:02:09 2018  		Command: Ask me Anything
Time: Mon Mar 26 03:09:19 2018  		Command: Ask me Anything
Time: Mon Mar 26 03:11:54 2018  		Command: Ask me Anything
Time: Mon Mar 26 03:13:39 2018  		Command: Ask me Anything
Time: Mon Mar 26 03:23:48 2018  		Command: Ask me Anything
Time: Mon Mar 26 03:24:29 2018  		Command: Ask me Anything
Time: Mon Mar 26 03:27:03 2018  		Command: Ask me Anything
Time: Mon Mar 26 03:28:48 2018  		Command: Ask me Anything
Time: Mon Mar 26 07:59:50 2018  		Command: Ask me Anything
Time: Mon Mar 26 10:18:17 2018  		Command: Ask me Anything
Time: Mon Mar 26 10:18:26 2018  		Command: 
Time: Mon Mar 26 10:18:31 2018  		Command: 
Time: Mon Mar 26 10:18:37 2018  		Command: 
Time: Mon Mar 26 10:18:43 2018  		Command: 
Time: Mon Mar 26 10:18:47 2018  		Command: 
Time: Mon Mar 26 10:18:50 2018  		Command: 
Time: Mon Mar 26 10:18:54 2018  		Command: 
Time: Mon Mar 26 10:18:58 2018  		Command: 
Time: Mon Mar 26 10:19:05 2018  		Command: 
Time: Mon Mar 26 10:19:10 2018  		Command: 
Time: Mon Mar 26 10:19:14 2018  		Command: 
Time: Mon Mar 26 10:19:20 2018  		Command: 
Time: Mon Mar 26 10:19:26 2018  		Command: 
Time: Mon Mar 26 10:19:35 2018  		Command: 
Time: Mon Mar 26 10:19:40 2018  		Command: 
Time: Mon Mar 26 10:19:48 2018  		Command: 
Time: Mon Mar 26 10:19:54 2018  		Command: 
Time: Mon Mar 26 10:20:00 2018  		Command: 
Time: Mon Mar 26 10:20:06 2018  		Command: 
Time: Mon Mar 26 10:20:12 2018  		Command: 
Time: Mon Mar 26 10:20:19 2018  		Command: 
Time: Mon Mar 26 10:20:28 2018  		Command: 
Time: Mon Mar 26 10:20:34 2018  		Command: 
Time: Mon Mar 26 10:20:41 2018  		Command: 
Time: Mon Mar 26 10:20:47 2018  		Command: 
Time: Mon Mar 26 10:20:54 2018  		Command: 
Time: Mon Mar 26 10:21:06 2018  		Command: 
Time: Mon Mar 26 10:21:09 2018  		Command: 
Time: Mon Mar 26 10:21:20 2018  		Command: 
Time: Mon Mar 26 10:21:34 2018  		Command: MyMp3Song
Time: Mon Mar 26 10:21:42 2018  		Command: 
Time: Mon Mar 26 10:21:47 2018  		Command: 
Time: Mon Mar 26 10:21:52 2018  		Command: 
Time: Mon Mar 26 10:21:56 2018  		Command: Ask me Anything
Time: Mon Mar 26 10:22:04 2018  		Command: 
Time: Mon Mar 26 10:22:10 2018  		Command: 
Time: Mon Mar 26 10:22:35 2018  		Command: 
Time: Mon Mar 26 11:10:38 2018  		Command: Ask me Anything
Time: Mon Mar 26 11:10:48 2018  		Command: 
Time: Mon Mar 26 11:10:53 2018  		Command: 
Time: Mon Mar 26 11:11:01 2018  		Command: Gujjar status
Time: Mon Mar 26 11:11:06 2018  		Command: 
Time: Mon Mar 26 11:11:12 2018  		Command: status
Time: Mon Mar 26 11:11:12 2018  		Command: I am currently running on Windows version 8.1. This system is named SINGH and has 4 CPU cores. Current CPU utilization is 8.1 percent. Current memory utilization is 39.8 percent. Current disk utilization is 44.7 percent. 
Time: Mon Mar 26 11:11:24 2018  		Command: 
Time: Mon Mar 26 11:11:29 2018  		Command: 
Time: Mon Mar 26 11:11:36 2018  		Command: 
Time: Mon Mar 26 11:11:40 2018  		Command: 
Time: Mon Mar 26 11:11:48 2018  		Command: 
Time: Mon Mar 26 11:11:53 2018  		Command: 
Time: Mon Mar 26 11:12:01 2018  		Command: 
Time: Mon Mar 26 11:12:05 2018  		Command: 
Time: Mon Mar 26 11:12:29 2018  		Command: HD film Deepak hit Google
Time: Mon Mar 26 11:12:35 2018  		Command: Google Kit college
Time: Mon Mar 26 12:48:11 2018  		Command: 
Time: Mon Mar 26 12:48:15 2018  		Command: 
Time: Mon Mar 26 12:48:19 2018  		Command: 
Time: Mon Mar 26 12:48:24 2018  		Command: 
Time: Mon Mar 26 12:48:27 2018  		Command: 
Time: Mon Mar 26 12:48:33 2018  		Command: 
Time: Mon Mar 26 12:48:35 2018  		Command: 
Time: Mon Mar 26 12:48:40 2018  		Command: 
Time: Mon Mar 26 12:48:43 2018  		Command: 
Time: Mon Mar 26 12:48:47 2018  		Command: 
Time: Mon Mar 26 12:48:54 2018  		Command: 
Time: Mon Mar 26 12:48:57 2018  		Command: 
Time: Mon Mar 26 12:49:29 2018  		Command: 
Time: Mon Mar 26 12:49:31 2018  		Command: 
Time: Mon Mar 26 12:49:34 2018  		Command: 
Time: Mon Mar 26 12:49:36 2018  		Command: 
Time: Mon Mar 26 12:49:39 2018  		Command: 
Time: Mon Mar 26 12:49:41 2018  		Command: 
Time: Mon Mar 26 12:49:45 2018  		Command: 
Time: Mon Mar 26 12:49:49 2018  		Command: 
Time: Mon Mar 26 12:49:53 2018  		Command: 
Time: Mon Mar 26 12:49:55 2018  		Command: 
Time: Mon Mar 26 12:49:57 2018  		Command: 
Time: Mon Mar 26 12:50:01 2018  		Command: 
Time: Mon Mar 26 12:50:03 2018  		Command: 
Time: Mon Mar 26 12:50:07 2018  		Command: 
Time: Mon Mar 26 12:50:10 2018  		Command: 
Time: Mon Mar 26 12:50:13 2018  		Command: 
Time: Mon Mar 26 12:50:16 2018  		Command: 
Time: Mon Mar 26 12:50:18 2018  		Command: 
Time: Mon Mar 26 12:50:21 2018  		Command: 
Time: Mon Mar 26 12:50:24 2018  		Command: 
Time: Mon Mar 26 12:50:37 2018  		Command: 
Time: Mon Mar 26 12:50:42 2018  		Command: 
Time: Mon Mar 26 12:50:45 2018  		Command: 
Time: Mon Mar 26 12:50:47 2018  		Command: 
Time: Mon Mar 26 12:50:50 2018  		Command: 
Time: Mon Mar 26 12:50:52 2018  		Command: 
Time: Mon Mar 26 12:50:55 2018  		Command: 
Time: Mon Mar 26 12:50:59 2018  		Command: 
Time: Mon Mar 26 12:51:03 2018  		Command: 
Time: Mon Mar 26 12:51:06 2018  		Command: 
Time: Mon Mar 26 12:51:09 2018  		Command: 
Time: Mon Mar 26 12:51:11 2018  		Command: 
Time: Mon Mar 26 12:51:16 2018  		Command: 
Time: Mon Mar 26 12:51:24 2018  		Command: 
Time: Mon Mar 26 12:51:26 2018  		Command: 
Time: Mon Mar 26 12:51:37 2018  		Command: 
Time: Mon Mar 26 12:51:40 2018  		Command: 
Time: Mon Mar 26 12:51:42 2018  		Command: 
Time: Mon Mar 26 12:52:06 2018  		Command: 
Time: Mon Mar 26 12:52:08 2018  		Command: 
Time: Mon Mar 26 12:52:11 2018  		Command: 
Time: Mon Mar 26 12:52:14 2018  		Command: 
Time: Mon Mar 26 12:52:17 2018  		Command: 
Time: Mon Mar 26 12:52:19 2018  		Command: 
Time: Mon Mar 26 12:52:21 2018  		Command: 
Time: Mon Mar 26 12:52:25 2018  		Command: 
Time: Mon Mar 26 12:52:28 2018  		Command: 
Time: Mon Mar 26 12:52:31 2018  		Command: 
Time: Mon Mar 26 12:52:33 2018  		Command: 
Time: Mon Mar 26 12:52:36 2018  		Command: 
Time: Mon Mar 26 12:52:39 2018  		Command: 
Time: Mon Mar 26 12:52:41 2018  		Command: 
Time: Mon Mar 26 12:52:43 2018  		Command: 
Time: Mon Mar 26 12:52:46 2018  		Command: 
Time: Mon Mar 26 12:52:48 2018  		Command: 
Time: Mon Mar 26 12:52:50 2018  		Command: 
Time: Mon Mar 26 12:52:54 2018  		Command: 
Time: Mon Mar 26 12:52:57 2018  		Command: 
Time: Mon Mar 26 12:53:02 2018  		Command: 
Time: Mon Mar 26 12:53:05 2018  		Command: 
Time: Mon Mar 26 12:53:07 2018  		Command: 
Time: Mon Mar 26 12:53:10 2018  		Command: 
Time: Mon Mar 26 12:53:13 2018  		Command: 
Time: Mon Mar 26 12:53:17 2018  		Command: 
Time: Mon Mar 26 12:53:20 2018  		Command: 
Time: Mon Mar 26 12:53:23 2018  		Command: 
Time: Mon Mar 26 12:53:27 2018  		Command: 
Time: Mon Mar 26 12:53:30 2018  		Command: 
Time: Mon Mar 26 12:53:33 2018  		Command: 
Time: Mon Mar 26 12:53:36 2018  		Command: 
Time: Mon Mar 26 12:53:39 2018  		Command: 
Time: Mon Mar 26 12:53:43 2018  		Command: 
Time: Mon Mar 26 12:53:46 2018  		Command: 
Time: Mon Mar 26 12:53:57 2018  		Command: 
Time: Mon Mar 26 12:54:00 2018  		Command: 
Time: Mon Mar 26 12:54:04 2018  		Command: 
Time: Mon Mar 26 12:54:09 2018  		Command: 
Time: Mon Mar 26 12:54:13 2018  		Command: 
Time: Mon Mar 26 12:54:16 2018  		Command: 
Time: Mon Mar 26 12:54:20 2018  		Command: 
Time: Mon Mar 26 12:54:25 2018  		Command: 
Time: Mon Mar 26 12:54:29 2018  		Command: 
Time: Mon Mar 26 12:54:33 2018  		Command: 
Time: Mon Mar 26 12:54:36 2018  		Command: 
Time: Mon Mar 26 12:54:40 2018  		Command: 
Time: Mon Mar 26 12:54:48 2018  		Command: 
Time: Mon Mar 26 12:54:54 2018  		Command: 
Time: Mon Mar 26 12:54:58 2018  		Command: 
Time: Mon Mar 26 12:55:05 2018  		Command: 
Time: Mon Mar 26 12:55:09 2018  		Command: 
Time: Mon Mar 26 12:55:13 2018  		Command: 
Time: Mon Mar 26 12:55:16 2018  		Command: 
Time: Mon Mar 26 12:55:21 2018  		Command: 
Time: Mon Mar 26 12:55:25 2018  		Command: 
Time: Mon Mar 26 12:55:30 2018  		Command: 
Time: Mon Mar 26 12:55:35 2018  		Command: 
Time: Mon Mar 26 12:55:41 2018  		Command: 
Time: Mon Mar 26 12:55:44 2018  		Command: 
Time: Mon Mar 26 12:55:47 2018  		Command: 
Time: Mon Mar 26 12:55:51 2018  		Command: 
Time: Mon Mar 26 12:55:55 2018  		Command: 
Time: Mon Mar 26 12:55:58 2018  		Command: 
Time: Mon Mar 26 12:56:05 2018  		Command: 
Time: Mon Mar 26 12:56:08 2018  		Command: 
Time: Mon Mar 26 12:56:12 2018  		Command: 
Time: Mon Mar 26 12:56:16 2018  		Command: 
Time: Mon Mar 26 12:56:19 2018  		Command: 
Time: Mon Mar 26 12:56:23 2018  		Command: 
Time: Mon Mar 26 12:56:27 2018  		Command: 
Time: Mon Mar 26 12:56:30 2018  		Command: 
Time: Mon Mar 26 12:56:34 2018  		Command: 
Time: Mon Mar 26 12:56:38 2018  		Command: 
Time: Mon Mar 26 12:56:42 2018  		Command: 
Time: Mon Mar 26 12:56:46 2018  		Command: 
Time: Mon Mar 26 12:56:52 2018  		Command: 18.
Time: Mon Mar 26 12:57:00 2018  		Command: 
Time: Mon Mar 26 12:57:04 2018  		Command: 
Time: Mon Mar 26 12:57:08 2018  		Command: 
Time: Mon Mar 26 12:57:11 2018  		Command: 
Time: Mon Mar 26 12:57:16 2018  		Command: 
Time: Mon Mar 26 12:57:20 2018  		Command: 
Time: Mon Mar 26 12:57:24 2018  		Command: 
Time: Mon Mar 26 12:57:28 2018  		Command: 
Time: Mon Mar 26 12:57:32 2018  		Command: 
Time: Mon Mar 26 12:57:36 2018  		Command: 
Time: Mon Mar 26 12:57:40 2018  		Command: 
Time: Mon Mar 26 12:57:44 2018  		Command: 
Time: Mon Mar 26 12:57:48 2018  		Command: 
Time: Mon Mar 26 12:57:52 2018  		Command: 
Time: Mon Mar 26 12:57:55 2018  		Command: 
Time: Mon Mar 26 12:57:59 2018  		Command: 
Time: Mon Mar 26 12:58:06 2018  		Command: 
Time: Mon Mar 26 12:58:09 2018  		Command: 
Time: Mon Mar 26 12:58:14 2018  		Command: 
Time: Mon Mar 26 12:58:20 2018  		Command: 
Time: Mon Mar 26 12:58:28 2018  		Command: 
Time: Mon Mar 26 12:58:38 2018  		Command: Prestige Prestige edition
Time: Mon Mar 26 12:58:44 2018  		Command: 
Time: Mon Mar 26 12:58:47 2018  		Command: 
Time: Mon Mar 26 12:58:50 2018  		Command: 
Time: Mon Mar 26 12:58:55 2018  		Command: 
Time: Mon Mar 26 12:58:59 2018  		Command: 
Time: Mon Mar 26 12:59:04 2018  		Command: 
Time: Mon Mar 26 12:59:09 2018  		Command: 
Time: Mon Mar 26 12:59:13 2018  		Command: 
Time: Mon Mar 26 12:59:18 2018  		Command: 
Time: Mon Mar 26 12:59:23 2018  		Command: 
Time: Mon Mar 26 12:59:27 2018  		Command: 
Time: Mon Mar 26 12:59:31 2018  		Command: 
Time: Mon Mar 26 12:59:37 2018  		Command: 
Time: Mon Mar 26 12:59:41 2018  		Command: 
Time: Mon Mar 26 12:59:44 2018  		Command: 
Time: Mon Mar 26 12:59:48 2018  		Command: 
Time: Mon Mar 26 12:59:51 2018  		Command: 
Time: Mon Mar 26 12:59:56 2018  		Command: 
Time: Mon Mar 26 13:00:09 2018  		Command: 
Time: Mon Mar 26 13:00:21 2018  		Command: 
Time: Mon Mar 26 13:00:27 2018  		Command: 
Time: Mon Mar 26 13:00:38 2018  		Command: website category
Time: Mon Mar 26 13:00:48 2018  		Command: peoples website
Time: Mon Mar 26 13:00:52 2018  		Command: 
Time: Mon Mar 26 13:01:02 2018  		Command: 
Time: Mon Mar 26 13:01:08 2018  		Command: 
Time: Mon Mar 26 13:01:14 2018  		Command: 
Time: Mon Mar 26 13:01:19 2018  		Command: 
Time: Mon Mar 26 13:01:27 2018  		Command: 
Time: Mon Mar 26 13:01:31 2018  		Command: 
Time: Mon Mar 26 13:01:35 2018  		Command: 
Time: Mon Mar 26 13:01:40 2018  		Command: 
Time: Mon Mar 26 14:13:15 2018  		Command: 
Time: Mon Mar 26 14:13:20 2018  		Command: 
Time: Mon Mar 26 14:13:23 2018  		Command: 
Time: Mon Mar 26 14:13:27 2018  		Command: 
Time: Mon Mar 26 14:13:31 2018  		Command: 
Time: Mon Mar 26 14:13:37 2018  		Command: 
Time: Mon Mar 26 14:13:41 2018  		Command: 
Time: Mon Mar 26 14:13:45 2018  		Command: 
Time: Mon Mar 26 14:13:48 2018  		Command: 
Time: Mon Mar 26 14:13:52 2018  		Command: 
Time: Mon Mar 26 14:13:56 2018  		Command: 
Time: Mon Mar 26 14:13:59 2018  		Command: 
Time: Mon Mar 26 14:14:05 2018  		Command: 
Time: Mon Mar 26 14:14:10 2018  		Command: 
Time: Mon Mar 26 14:14:13 2018  		Command: 
Time: Mon Mar 26 14:14:17 2018  		Command: 
Time: Mon Mar 26 14:14:21 2018  		Command: 
Time: Mon Mar 26 14:14:25 2018  		Command: 
Time: Mon Mar 26 14:14:28 2018  		Command: 
Time: Mon Mar 26 14:14:32 2018  		Command: 
Time: Mon Mar 26 14:14:35 2018  		Command: 
Time: Mon Mar 26 14:14:39 2018  		Command: 
Time: Mon Mar 26 14:14:43 2018  		Command: 
Time: Mon Mar 26 14:14:46 2018  		Command: 
Time: Mon Mar 26 14:14:50 2018  		Command: 
Time: Mon Mar 26 14:14:55 2018  		Command: 
Time: Mon Mar 26 14:14:58 2018  		Command: 
Time: Mon Mar 26 14:15:02 2018  		Command: 
Time: Mon Mar 26 14:15:06 2018  		Command: 
Time: Mon Mar 26 14:15:09 2018  		Command: 
Time: Mon Mar 26 14:15:13 2018  		Command: 
Time: Mon Mar 26 14:15:17 2018  		Command: 
Time: Mon Mar 26 14:15:22 2018  		Command: 
Time: Mon Mar 26 14:15:25 2018  		Command: 
Time: Mon Mar 26 14:15:29 2018  		Command: 
Time: Mon Mar 26 14:15:32 2018  		Command: 
Time: Mon Mar 26 14:15:36 2018  		Command: 
Time: Mon Mar 26 14:15:40 2018  		Command: 
Time: Mon Mar 26 14:15:43 2018  		Command: 
Time: Mon Mar 26 14:15:47 2018  		Command: 
Time: Mon Mar 26 14:15:51 2018  		Command: 
Time: Mon Mar 26 14:15:54 2018  		Command: 
Time: Mon Mar 26 14:15:58 2018  		Command: 
Time: Mon Mar 26 14:16:02 2018  		Command: 
Time: Mon Mar 26 14:16:05 2018  		Command: 
Time: Mon Mar 26 14:16:10 2018  		Command: 
Time: Mon Mar 26 14:16:12 2018  		Command: 
Time: Mon Mar 26 14:16:16 2018  		Command: 
Time: Mon Mar 26 14:16:20 2018  		Command: 
Time: Mon Mar 26 14:16:25 2018  		Command: 
Time: Mon Mar 26 14:16:29 2018  		Command: 
Time: Mon Mar 26 14:16:33 2018  		Command: 
Time: Mon Mar 26 14:16:38 2018  		Command: 
Time: Mon Mar 26 14:16:42 2018  		Command: 
Time: Mon Mar 26 14:16:45 2018  		Command: 
Time: Mon Mar 26 14:16:51 2018  		Command: 
Time: Mon Mar 26 14:16:55 2018  		Command: 
Time: Mon Mar 26 14:16:59 2018  		Command: 
Time: Mon Mar 26 14:17:03 2018  		Command: 
Time: Mon Mar 26 14:17:07 2018  		Command: 
Time: Mon Mar 26 14:17:10 2018  		Command: 
Time: Mon Mar 26 14:17:14 2018  		Command: 
Time: Mon Mar 26 14:17:17 2018  		Command: 
Time: Mon Mar 26 14:17:21 2018  		Command: 
Time: Mon Mar 26 14:17:25 2018  		Command: 
Time: Mon Mar 26 14:17:28 2018  		Command: 
Time: Mon Mar 26 14:17:32 2018  		Command: 
Time: Mon Mar 26 14:17:35 2018  		Command: 
Time: Mon Mar 26 14:17:39 2018  		Command: 
Time: Mon Mar 26 14:17:45 2018  		Command: 
Time: Mon Mar 26 14:17:50 2018  		Command: 
Time: Mon Mar 26 14:17:53 2018  		Command: 
Time: Mon Mar 26 14:17:57 2018  		Command: 
Time: Mon Mar 26 14:18:02 2018  		Command: 
Time: Mon Mar 26 14:18:05 2018  		Command: 
Time: Mon Mar 26 14:18:09 2018  		Command: 
Time: Mon Mar 26 14:18:13 2018  		Command: 
Time: Mon Mar 26 14:18:16 2018  		Command: 
Time: Mon Mar 26 14:18:20 2018  		Command: 
Time: Mon Mar 26 14:18:24 2018  		Command: 
Time: Mon Mar 26 14:18:28 2018  		Command: 
Time: Mon Mar 26 14:18:30 2018  		Command: 
Time: Mon Mar 26 14:18:33 2018  		Command: 
Time: Mon Mar 26 14:18:36 2018  		Command: 
Time: Mon Mar 26 14:18:40 2018  		Command: 
Time: Mon Mar 26 14:18:45 2018  		Command: 
Time: Mon Mar 26 14:18:49 2018  		Command: 
Time: Mon Mar 26 14:18:53 2018  		Command: 
Time: Mon Mar 26 14:18:57 2018  		Command: 
Time: Mon Mar 26 14:19:02 2018  		Command: 
Time: Mon Mar 26 14:19:06 2018  		Command: 
Time: Mon Mar 26 14:19:10 2018  		Command: 
Time: Mon Mar 26 14:19:14 2018  		Command: 
Time: Mon Mar 26 14:19:18 2018  		Command: 
Time: Mon Mar 26 14:19:22 2018  		Command: 
Time: Mon Mar 26 14:19:28 2018  		Command: 
Time: Mon Mar 26 14:19:34 2018  		Command: 
Time: Mon Mar 26 14:19:38 2018  		Command: 
Time: Mon Mar 26 14:19:41 2018  		Command: 
Time: Mon Mar 26 14:19:45 2018  		Command: 
Time: Mon Mar 26 14:19:49 2018  		Command: 
Time: Mon Mar 26 14:19:53 2018  		Command: 
Time: Mon Mar 26 14:19:57 2018  		Command: 
Time: Mon Mar 26 14:20:02 2018  		Command: 
Time: Mon Mar 26 14:20:06 2018  		Command: 
Time: Mon Mar 26 14:20:10 2018  		Command: 
Time: Mon Mar 26 14:20:13 2018  		Command: 
Time: Mon Mar 26 14:20:17 2018  		Command: 
Time: Mon Mar 26 14:20:21 2018  		Command: 
Time: Mon Mar 26 14:20:24 2018  		Command: 
Time: Mon Mar 26 14:20:30 2018  		Command: 
Time: Mon Mar 26 14:20:34 2018  		Command: 
Time: Mon Mar 26 14:20:37 2018  		Command: 
Time: Mon Mar 26 14:20:41 2018  		Command: 
Time: Mon Mar 26 14:20:44 2018  		Command: 
Time: Mon Mar 26 14:20:48 2018  		Command: 
Time: Mon Mar 26 14:20:52 2018  		Command: 
Time: Mon Mar 26 14:20:55 2018  		Command: 
Time: Mon Mar 26 14:20:59 2018  		Command: 
Time: Mon Mar 26 14:21:03 2018  		Command: 
Time: Mon Mar 26 14:21:06 2018  		Command: 
Time: Mon Mar 26 14:21:10 2018  		Command: 
Time: Mon Mar 26 14:21:14 2018  		Command: 
Time: Mon Mar 26 14:21:17 2018  		Command: 
Time: Mon Mar 26 14:21:21 2018  		Command: 
Time: Mon Mar 26 14:21:25 2018  		Command: 
Time: Mon Mar 26 14:21:30 2018  		Command: 
Time: Mon Mar 26 14:21:33 2018  		Command: 
Time: Mon Mar 26 14:21:37 2018  		Command: 
Time: Mon Mar 26 14:21:41 2018  		Command: 
Time: Mon Mar 26 14:21:46 2018  		Command: 
Time: Mon Mar 26 14:21:50 2018  		Command: 
Time: Mon Mar 26 14:21:54 2018  		Command: 
Time: Mon Mar 26 14:21:57 2018  		Command: 
Time: Mon Mar 26 14:22:02 2018  		Command: 
Time: Mon Mar 26 14:22:06 2018  		Command: 
Time: Mon Mar 26 14:22:10 2018  		Command: 
Time: Mon Mar 26 14:22:13 2018  		Command: 
Time: Mon Mar 26 14:22:17 2018  		Command: 
Time: Mon Mar 26 14:22:20 2018  		Command: 
Time: Mon Mar 26 14:22:24 2018  		Command: 
Time: Mon Mar 26 14:22:28 2018  		Command: 
Time: Mon Mar 26 14:22:32 2018  		Command: 
Time: Mon Mar 26 14:22:35 2018  		Command: 
Time: Mon Mar 26 14:22:39 2018  		Command: 
Time: Mon Mar 26 14:22:42 2018  		Command: 
Time: Mon Mar 26 14:22:46 2018  		Command: 
Time: Mon Mar 26 14:22:50 2018  		Command: 
Time: Mon Mar 26 14:22:53 2018  		Command: 
Time: Mon Mar 26 14:22:57 2018  		Command: 
Time: Mon Mar 26 14:23:00 2018  		Command: 
Time: Mon Mar 26 14:23:03 2018  		Command: 
Time: Mon Mar 26 14:23:07 2018  		Command: 
Time: Mon Mar 26 14:23:10 2018  		Command: 
Time: Mon Mar 26 14:23:14 2018  		Command: 
Time: Mon Mar 26 14:23:18 2018  		Command: 
Time: Mon Mar 26 14:23:22 2018  		Command: 
Time: Mon Mar 26 14:23:26 2018  		Command: 
Time: Mon Mar 26 14:23:29 2018  		Command: 
Time: Mon Mar 26 14:23:33 2018  		Command: 
Time: Mon Mar 26 14:23:36 2018  		Command: 
Time: Mon Mar 26 14:23:40 2018  		Command: 
Time: Mon Mar 26 14:23:44 2018  		Command: 
Time: Mon Mar 26 14:23:47 2018  		Command: 
Time: Mon Mar 26 14:23:52 2018  		Command: 
Time: Mon Mar 26 14:23:56 2018  		Command: 
Time: Mon Mar 26 14:24:00 2018  		Command: 
Time: Mon Mar 26 14:24:03 2018  		Command: 
Time: Mon Mar 26 14:24:07 2018  		Command: 
Time: Mon Mar 26 14:24:11 2018  		Command: 
Time: Mon Mar 26 14:24:15 2018  		Command: 
Time: Mon Mar 26 14:24:19 2018  		Command: 
Time: Mon Mar 26 14:24:23 2018  		Command: 
Time: Mon Mar 26 14:24:27 2018  		Command: 
Time: Mon Mar 26 14:24:32 2018  		Command: 
Time: Mon Mar 26 14:24:35 2018  		Command: 
Time: Mon Mar 26 14:24:38 2018  		Command: 
Time: Mon Mar 26 14:24:42 2018  		Command: 
Time: Mon Mar 26 14:24:45 2018  		Command: 
Time: Mon Mar 26 14:24:49 2018  		Command: 
Time: Mon Mar 26 14:24:53 2018  		Command: 
Time: Mon Mar 26 14:24:56 2018  		Command: 
Time: Mon Mar 26 14:25:00 2018  		Command: 
Time: Mon Mar 26 14:25:04 2018  		Command: 
Time: Mon Mar 26 14:25:08 2018  		Command: 
Time: Mon Mar 26 14:25:12 2018  		Command: 
Time: Mon Mar 26 14:25:15 2018  		Command: 
Time: Mon Mar 26 14:25:19 2018  		Command: 
Time: Mon Mar 26 14:25:24 2018  		Command: 
Time: Mon Mar 26 14:25:28 2018  		Command: 
Time: Mon Mar 26 14:25:32 2018  		Command: 
Time: Mon Mar 26 14:25:35 2018  		Command: 
Time: Mon Mar 26 14:25:39 2018  		Command: 
Time: Mon Mar 26 14:25:43 2018  		Command: 
Time: Mon Mar 26 14:25:47 2018  		Command: 
Time: Mon Mar 26 14:25:51 2018  		Command: 
Time: Mon Mar 26 14:25:55 2018  		Command: 
Time: Mon Mar 26 14:25:59 2018  		Command: 
Time: Mon Mar 26 14:26:02 2018  		Command: 
Time: Mon Mar 26 14:26:05 2018  		Command: 
Time: Mon Mar 26 14:26:09 2018  		Command: 
Time: Mon Mar 26 14:26:13 2018  		Command: 
Time: Mon Mar 26 14:26:17 2018  		Command: 
Time: Mon Mar 26 14:26:21 2018  		Command: 
Time: Mon Mar 26 14:26:24 2018  		Command: 
Time: Mon Mar 26 14:26:28 2018  		Command: 
Time: Mon Mar 26 14:26:32 2018  		Command: 
Time: Mon Mar 26 14:26:35 2018  		Command: 
Time: Mon Mar 26 14:26:39 2018  		Command: 
Time: Mon Mar 26 14:26:43 2018  		Command: 
Time: Mon Mar 26 14:26:46 2018  		Command: 
Time: Mon Mar 26 14:26:51 2018  		Command: 
Time: Mon Mar 26 14:26:55 2018  		Command: 
Time: Mon Mar 26 14:26:59 2018  		Command: 
Time: Mon Mar 26 14:27:03 2018  		Command: 
Time: Mon Mar 26 14:27:06 2018  		Command: 
Time: Mon Mar 26 14:27:10 2018  		Command: 
Time: Mon Mar 26 14:27:13 2018  		Command: 
Time: Mon Mar 26 14:27:17 2018  		Command: 
Time: Mon Mar 26 14:27:21 2018  		Command: 
Time: Mon Mar 26 14:27:24 2018  		Command: 
Time: Mon Mar 26 14:27:27 2018  		Command: 
Time: Mon Mar 26 14:27:31 2018  		Command: 
Time: Mon Mar 26 14:27:36 2018  		Command: 
Time: Mon Mar 26 14:27:40 2018  		Command: 
Time: Mon Mar 26 14:27:45 2018  		Command: 
Time: Mon Mar 26 14:27:49 2018  		Command: 
Time: Mon Mar 26 14:27:53 2018  		Command: 
Time: Mon Mar 26 14:27:57 2018  		Command: 
Time: Mon Mar 26 14:28:00 2018  		Command: 
Time: Mon Mar 26 14:28:04 2018  		Command: 
Time: Mon Mar 26 14:28:08 2018  		Command: 
Time: Mon Mar 26 14:28:12 2018  		Command: 
Time: Mon Mar 26 14:28:16 2018  		Command: 
Time: Mon Mar 26 14:28:21 2018  		Command: 
Time: Mon Mar 26 14:28:25 2018  		Command: 
Time: Mon Mar 26 14:28:27 2018  		Command: 
Time: Mon Mar 26 14:28:31 2018  		Command: 
Time: Mon Mar 26 14:28:35 2018  		Command: 
Time: Mon Mar 26 14:28:39 2018  		Command: 
Time: Mon Mar 26 14:28:42 2018  		Command: 
Time: Mon Mar 26 14:28:46 2018  		Command: 
Time: Mon Mar 26 14:28:49 2018  		Command: 
Time: Mon Mar 26 14:28:53 2018  		Command: 
Time: Mon Mar 26 14:28:57 2018  		Command: 
Time: Mon Mar 26 14:29:02 2018  		Command: 
Time: Mon Mar 26 14:29:06 2018  		Command: 
Time: Mon Mar 26 14:29:10 2018  		Command: 
Time: Mon Mar 26 14:29:12 2018  		Command: 
Time: Mon Mar 26 14:29:17 2018  		Command: 
Time: Mon Mar 26 14:29:20 2018  		Command: 
Time: Mon Mar 26 14:29:23 2018  		Command: 
Time: Mon Mar 26 14:29:28 2018  		Command: 
Time: Mon Mar 26 14:29:32 2018  		Command: 
Time: Mon Mar 26 14:29:35 2018  		Command: 
Time: Mon Mar 26 14:29:39 2018  		Command: 
Time: Mon Mar 26 14:29:43 2018  		Command: 
Time: Mon Mar 26 14:29:47 2018  		Command: 
Time: Mon Mar 26 14:29:50 2018  		Command: 
Time: Mon Mar 26 14:29:54 2018  		Command: 
Time: Mon Mar 26 14:29:58 2018  		Command: 
Time: Mon Mar 26 14:30:02 2018  		Command: 
Time: Mon Mar 26 14:30:07 2018  		Command: 
Time: Mon Mar 26 14:30:11 2018  		Command: 
Time: Mon Mar 26 14:30:15 2018  		Command: 
Time: Mon Mar 26 14:30:18 2018  		Command: 
Time: Mon Mar 26 14:30:22 2018  		Command: 
Time: Mon Mar 26 14:30:26 2018  		Command: 
Time: Mon Mar 26 14:30:30 2018  		Command: 
Time: Mon Mar 26 14:30:34 2018  		Command: 
Time: Mon Mar 26 14:30:38 2018  		Command: 
Time: Mon Mar 26 14:30:42 2018  		Command: 
Time: Mon Mar 26 14:30:47 2018  		Command: 
Time: Mon Mar 26 14:30:51 2018  		Command: 
Time: Mon Mar 26 14:30:54 2018  		Command: 
Time: Mon Mar 26 14:30:58 2018  		Command: 
Time: Mon Mar 26 14:31:02 2018  		Command: 
Time: Mon Mar 26 14:31:06 2018  		Command: 
Time: Mon Mar 26 14:31:10 2018  		Command: 
Time: Mon Mar 26 14:31:13 2018  		Command: 
Time: Mon Mar 26 14:31:20 2018  		Command: 
Time: Mon Mar 26 14:31:24 2018  		Command: 
Time: Mon Mar 26 14:31:28 2018  		Command: 
Time: Mon Mar 26 14:31:32 2018  		Command: 
Time: Mon Mar 26 14:31:36 2018  		Command: 
Time: Mon Mar 26 14:31:40 2018  		Command: 
Time: Mon Mar 26 14:31:44 2018  		Command: 
Time: Mon Mar 26 14:31:49 2018  		Command: 
Time: Mon Mar 26 14:31:53 2018  		Command: 
Time: Mon Mar 26 14:31:57 2018  		Command: 
Time: Mon Mar 26 14:32:01 2018  		Command: 
Time: Mon Mar 26 14:32:05 2018  		Command: 
Time: Mon Mar 26 14:32:09 2018  		Command: 
Time: Mon Mar 26 14:32:13 2018  		Command: 
Time: Mon Mar 26 14:32:16 2018  		Command: 
Time: Mon Mar 26 14:32:20 2018  		Command: 
Time: Mon Mar 26 14:32:24 2018  		Command: 
Time: Mon Mar 26 14:32:27 2018  		Command: 
Time: Mon Mar 26 14:32:32 2018  		Command: 
Time: Mon Mar 26 14:32:36 2018  		Command: 
Time: Mon Mar 26 14:32:40 2018  		Command: 
Time: Mon Mar 26 14:32:44 2018  		Command: 
Time: Mon Mar 26 14:32:50 2018  		Command: 
Time: Mon Mar 26 14:32:54 2018  		Command: 
Time: Mon Mar 26 14:32:57 2018  		Command: 
Time: Mon Mar 26 14:33:02 2018  		Command: 
Time: Mon Mar 26 14:33:06 2018  		Command: 
Time: Mon Mar 26 14:33:10 2018  		Command: 
Time: Mon Mar 26 14:33:13 2018  		Command: 
Time: Mon Mar 26 14:33:17 2018  		Command: 
Time: Mon Mar 26 14:33:21 2018  		Command: 
Time: Mon Mar 26 14:33:25 2018  		Command: 
Time: Mon Mar 26 14:33:29 2018  		Command: 
Time: Mon Mar 26 14:33:33 2018  		Command: 
Time: Mon Mar 26 14:33:37 2018  		Command: 
Time: Mon Mar 26 14:33:41 2018  		Command: 
Time: Mon Mar 26 14:33:45 2018  		Command: 
Time: Mon Mar 26 14:33:48 2018  		Command: 
Time: Mon Mar 26 14:33:53 2018  		Command: 
Time: Mon Mar 26 14:33:57 2018  		Command: 
Time: Mon Mar 26 14:34:02 2018  		Command: 
Time: Mon Mar 26 14:34:07 2018  		Command: 
Time: Mon Mar 26 14:34:10 2018  		Command: 
Time: Mon Mar 26 14:34:14 2018  		Command: 
Time: Mon Mar 26 14:34:18 2018  		Command: 
Time: Mon Mar 26 14:34:22 2018  		Command: 
Time: Mon Mar 26 14:34:27 2018  		Command: 
Time: Mon Mar 26 14:34:31 2018  		Command: 
Time: Mon Mar 26 14:34:35 2018  		Command: 
Time: Mon Mar 26 14:34:40 2018  		Command: 
Time: Mon Mar 26 14:34:43 2018  		Command: 
Time: Mon Mar 26 14:34:47 2018  		Command: 
Time: Mon Mar 26 14:34:51 2018  		Command: 
Time: Mon Mar 26 14:34:56 2018  		Command: 
Time: Mon Mar 26 14:34:58 2018  		Command: 
Time: Mon Mar 26 14:37:06 2018  		Command: 
Time: Mon Mar 26 14:37:10 2018  		Command: 
Time: Mon Mar 26 14:37:14 2018  		Command: 
Time: Mon Mar 26 14:37:21 2018  		Command: 
Time: Mon Mar 26 14:37:24 2018  		Command: 
Time: Mon Mar 26 14:37:28 2018  		Command: 
Time: Mon Mar 26 14:37:32 2018  		Command: 
Time: Mon Mar 26 14:37:36 2018  		Command: 
Time: Mon Mar 26 14:37:39 2018  		Command: 
Time: Mon Mar 26 14:37:43 2018  		Command: 
Time: Mon Mar 26 14:37:47 2018  		Command: 
Time: Mon Mar 26 14:37:51 2018  		Command: 
Time: Mon Mar 26 14:37:59 2018  		Command: 
Time: Mon Mar 26 14:38:03 2018  		Command: 
Time: Mon Mar 26 14:38:07 2018  		Command: 
Time: Mon Mar 26 14:38:10 2018  		Command: 
Time: Mon Mar 26 14:38:13 2018  		Command: 
Time: Mon Mar 26 14:38:17 2018  		Command: 
Time: Mon Mar 26 14:38:20 2018  		Command: 
Time: Mon Mar 26 14:38:24 2018  		Command: 
Time: Mon Mar 26 14:38:28 2018  		Command: 
Time: Mon Mar 26 14:38:32 2018  		Command: 
Time: Mon Mar 26 14:38:38 2018  		Command: 
Time: Mon Mar 26 14:38:42 2018  		Command: 
Time: Mon Mar 26 14:38:47 2018  		Command: 
Time: Mon Mar 26 14:38:52 2018  		Command: 
Time: Mon Mar 26 14:38:56 2018  		Command: 
Time: Mon Mar 26 14:39:00 2018  		Command: 
Time: Mon Mar 26 14:39:03 2018  		Command: 
Time: Mon Mar 26 14:39:08 2018  		Command: 
Time: Mon Mar 26 14:39:11 2018  		Command: 
Time: Mon Mar 26 14:39:15 2018  		Command: 
Time: Mon Mar 26 14:39:20 2018  		Command: 
Time: Mon Mar 26 14:39:23 2018  		Command: 
Time: Mon Mar 26 14:39:27 2018  		Command: 
Time: Mon Mar 26 14:39:32 2018  		Command: 
Time: Mon Mar 26 14:39:36 2018  		Command: 
Time: Mon Mar 26 14:39:39 2018  		Command: 
Time: Mon Mar 26 14:39:43 2018  		Command: 
Time: Mon Mar 26 14:39:47 2018  		Command: 
Time: Mon Mar 26 14:39:50 2018  		Command: 
Time: Mon Mar 26 14:39:54 2018  		Command: 
Time: Mon Mar 26 14:39:58 2018  		Command: 
Time: Mon Mar 26 14:40:01 2018  		Command: 
Time: Mon Mar 26 14:40:04 2018  		Command: 
Time: Mon Mar 26 14:40:09 2018  		Command: 
Time: Mon Mar 26 14:40:13 2018  		Command: 
Time: Mon Mar 26 14:40:17 2018  		Command: 
Time: Mon Mar 26 14:40:21 2018  		Command: 
Time: Mon Mar 26 14:40:25 2018  		Command: 
Time: Mon Mar 26 14:40:28 2018  		Command: 
Time: Mon Mar 26 14:40:32 2018  		Command: 
Time: Mon Mar 26 14:40:36 2018  		Command: 
Time: Mon Mar 26 14:40:39 2018  		Command: 
Time: Mon Mar 26 14:40:44 2018  		Command: 
Time: Mon Mar 26 14:40:48 2018  		Command: 
Time: Mon Mar 26 14:40:52 2018  		Command: 
Time: Mon Mar 26 14:40:56 2018  		Command: 
Time: Mon Mar 26 14:41:00 2018  		Command: 
Time: Mon Mar 26 14:41:03 2018  		Command: 
Time: Mon Mar 26 14:41:07 2018  		Command: 
Time: Mon Mar 26 14:41:10 2018  		Command: 
Time: Mon Mar 26 14:41:14 2018  		Command: 
Time: Mon Mar 26 14:41:18 2018  		Command: 
Time: Mon Mar 26 14:41:22 2018  		Command: 
Time: Mon Mar 26 14:41:27 2018  		Command: 
Time: Mon Mar 26 14:41:31 2018  		Command: 
Time: Mon Mar 26 14:41:34 2018  		Command: 
Time: Mon Mar 26 14:41:38 2018  		Command: 
Time: Mon Mar 26 14:41:42 2018  		Command: 
Time: Mon Mar 26 14:41:46 2018  		Command: 
Time: Mon Mar 26 14:41:50 2018  		Command: 
Time: Mon Mar 26 14:41:54 2018  		Command: 
Time: Mon Mar 26 14:41:58 2018  		Command: 
Time: Mon Mar 26 14:42:01 2018  		Command: 
Time: Mon Mar 26 14:42:05 2018  		Command: 
Time: Mon Mar 26 14:42:09 2018  		Command: 
Time: Mon Mar 26 14:42:14 2018  		Command: 
Time: Mon Mar 26 14:42:18 2018  		Command: 
Time: Mon Mar 26 14:42:22 2018  		Command: 
Time: Mon Mar 26 14:42:26 2018  		Command: 
Time: Mon Mar 26 14:42:30 2018  		Command: 
Time: Mon Mar 26 14:42:34 2018  		Command: 
Time: Mon Mar 26 14:42:38 2018  		Command: 
Time: Mon Mar 26 14:42:42 2018  		Command: 
Time: Mon Mar 26 14:42:45 2018  		Command: 
Time: Mon Mar 26 14:42:49 2018  		Command: 
Time: Mon Mar 26 14:42:53 2018  		Command: 
Time: Mon Mar 26 14:42:58 2018  		Command: 
Time: Mon Mar 26 14:43:01 2018  		Command: 
Time: Mon Mar 26 14:43:06 2018  		Command: 
Time: Mon Mar 26 14:43:09 2018  		Command: 
Time: Mon Mar 26 14:43:14 2018  		Command: 
Time: Mon Mar 26 14:43:17 2018  		Command: 
Time: Mon Mar 26 14:43:21 2018  		Command: 
Time: Mon Mar 26 14:43:25 2018  		Command: 
Time: Mon Mar 26 14:43:29 2018  		Command: 
Time: Mon Mar 26 14:43:33 2018  		Command: 
Time: Mon Mar 26 14:43:37 2018  		Command: 
Time: Mon Mar 26 14:43:41 2018  		Command: 
Time: Mon Mar 26 14:43:45 2018  		Command: 
Time: Mon Mar 26 14:43:49 2018  		Command: 
Time: Mon Mar 26 14:43:53 2018  		Command: 
Time: Mon Mar 26 14:43:58 2018  		Command: 
Time: Mon Mar 26 14:44:02 2018  		Command: 
Time: Mon Mar 26 14:44:06 2018  		Command: 
Time: Mon Mar 26 14:44:11 2018  		Command: 
Time: Mon Mar 26 14:44:14 2018  		Command: 
Time: Mon Mar 26 14:44:18 2018  		Command: 
Time: Mon Mar 26 14:44:23 2018  		Command: 
Time: Mon Mar 26 14:44:27 2018  		Command: 
Time: Mon Mar 26 14:44:30 2018  		Command: 
Time: Mon Mar 26 14:44:34 2018  		Command: 
Time: Mon Mar 26 14:44:37 2018  		Command: 
Time: Mon Mar 26 14:44:41 2018  		Command: 
Time: Mon Mar 26 14:44:45 2018  		Command: 
Time: Mon Mar 26 14:44:49 2018  		Command: 
Time: Mon Mar 26 14:44:52 2018  		Command: 
Time: Mon Mar 26 14:44:56 2018  		Command: 
Time: Mon Mar 26 14:45:00 2018  		Command: 
Time: Mon Mar 26 14:45:04 2018  		Command: 
Time: Mon Mar 26 14:45:07 2018  		Command: 
Time: Mon Mar 26 14:45:11 2018  		Command: 
Time: Mon Mar 26 14:45:14 2018  		Command: 
Time: Mon Mar 26 14:45:18 2018  		Command: 
Time: Mon Mar 26 14:45:22 2018  		Command: 
Time: Mon Mar 26 14:45:26 2018  		Command: 
Time: Mon Mar 26 14:45:31 2018  		Command: 
Time: Mon Mar 26 14:45:35 2018  		Command: 
Time: Mon Mar 26 14:45:39 2018  		Command: 
Time: Mon Mar 26 14:45:43 2018  		Command: 
Time: Mon Mar 26 14:45:45 2018  		Command: 
Time: Mon Mar 26 14:45:48 2018  		Command: 
Time: Mon Mar 26 14:45:53 2018  		Command: 
Time: Mon Mar 26 14:45:57 2018  		Command: 
Time: Mon Mar 26 14:46:01 2018  		Command: 
Time: Mon Mar 26 14:46:05 2018  		Command: 
Time: Mon Mar 26 14:46:09 2018  		Command: 
Time: Mon Mar 26 14:46:13 2018  		Command: 
Time: Mon Mar 26 14:46:17 2018  		Command: 
Time: Mon Mar 26 14:46:21 2018  		Command: 
Time: Mon Mar 26 14:46:25 2018  		Command: 
Time: Mon Mar 26 14:46:30 2018  		Command: 
Time: Mon Mar 26 14:46:35 2018  		Command: 
Time: Mon Mar 26 14:46:41 2018  		Command: 
Time: Mon Mar 26 14:46:47 2018  		Command: 
Time: Mon Mar 26 14:46:52 2018  		Command: 
Time: Mon Mar 26 14:46:58 2018  		Command: 
Time: Mon Mar 26 14:47:04 2018  		Command: 
Time: Mon Mar 26 14:47:10 2018  		Command: 
Time: Mon Mar 26 14:47:16 2018  		Command: 
Time: Mon Mar 26 14:47:22 2018  		Command: 
Time: Mon Mar 26 14:47:28 2018  		Command: 
Time: Mon Mar 26 14:47:35 2018  		Command: 
Time: Mon Mar 26 14:47:41 2018  		Command: 
Time: Mon Mar 26 14:47:46 2018  		Command: 
Time: Mon Mar 26 14:47:51 2018  		Command: 
Time: Mon Mar 26 14:47:58 2018  		Command: 
Time: Mon Mar 26 14:48:03 2018  		Command: 
Time: Mon Mar 26 14:48:09 2018  		Command: 
Time: Mon Mar 26 14:48:15 2018  		Command: 
Time: Mon Mar 26 14:48:20 2018  		Command: 
Time: Mon Mar 26 14:48:32 2018  		Command: 
Time: Mon Mar 26 14:48:38 2018  		Command: 
Time: Mon Mar 26 14:48:44 2018  		Command: 
Time: Mon Mar 26 14:48:49 2018  		Command: 
Time: Mon Mar 26 14:48:55 2018  		Command: 
Time: Mon Mar 26 14:48:58 2018  		Command: 
Time: Mon Mar 26 14:49:04 2018  		Command: 
Time: Mon Mar 26 14:49:12 2018  		Command: 
Time: Mon Mar 26 14:49:20 2018  		Command: 
Time: Mon Mar 26 14:49:25 2018  		Command: 
Time: Mon Mar 26 14:49:32 2018  		Command: 
Time: Mon Mar 26 14:49:39 2018  		Command: 
Time: Mon Mar 26 14:49:44 2018  		Command: 
Time: Mon Mar 26 14:49:51 2018  		Command: 
Time: Mon Mar 26 14:49:59 2018  		Command: 
Time: Mon Mar 26 14:50:05 2018  		Command: 
Time: Mon Mar 26 14:50:11 2018  		Command: 
Time: Mon Mar 26 14:50:17 2018  		Command: 
Time: Mon Mar 26 14:50:23 2018  		Command: 
Time: Mon Mar 26 14:50:28 2018  		Command: 
Time: Mon Mar 26 14:50:33 2018  		Command: 
Time: Mon Mar 26 14:50:41 2018  		Command: 
Time: Mon Mar 26 14:50:46 2018  		Command: 
Time: Mon Mar 26 14:50:52 2018  		Command: 
Time: Mon Mar 26 14:50:58 2018  		Command: 
Time: Mon Mar 26 14:51:04 2018  		Command: 
Time: Mon Mar 26 14:51:10 2018  		Command: 
Time: Mon Mar 26 14:51:16 2018  		Command: 
Time: Mon Mar 26 14:51:21 2018  		Command: 
Time: Mon Mar 26 14:51:26 2018  		Command: 
Time: Mon Mar 26 14:51:32 2018  		Command: 
Time: Mon Mar 26 14:51:38 2018  		Command: 
Time: Mon Mar 26 14:51:44 2018  		Command: 
Time: Mon Mar 26 14:51:50 2018  		Command: 
Time: Mon Mar 26 14:51:56 2018  		Command: 
Time: Mon Mar 26 14:52:01 2018  		Command: 
Time: Mon Mar 26 14:52:07 2018  		Command: 
Time: Mon Mar 26 14:52:13 2018  		Command: 
Time: Mon Mar 26 14:52:19 2018  		Command: 
Time: Mon Mar 26 14:52:25 2018  		Command: 
Time: Mon Mar 26 14:52:31 2018  		Command: 
Time: Mon Mar 26 14:52:37 2018  		Command: 
Time: Mon Mar 26 14:52:44 2018  		Command: 
Time: Mon Mar 26 14:52:49 2018  		Command: 
Time: Mon Mar 26 14:52:54 2018  		Command: 
Time: Mon Mar 26 14:53:00 2018  		Command: 
Time: Mon Mar 26 14:53:06 2018  		Command: 
Time: Mon Mar 26 14:53:09 2018  		Command: 
Time: Mon Mar 26 14:53:16 2018  		Command: 
Time: Mon Mar 26 14:53:20 2018  		Command: 
Time: Mon Mar 26 14:53:27 2018  		Command: 
Time: Mon Mar 26 14:53:32 2018  		Command: 
Time: Mon Mar 26 14:53:38 2018  		Command: 
Time: Mon Mar 26 14:53:43 2018  		Command: 
Time: Mon Mar 26 14:53:49 2018  		Command: 
Time: Mon Mar 26 14:53:55 2018  		Command: 
Time: Mon Mar 26 14:54:00 2018  		Command: 
Time: Mon Mar 26 14:54:06 2018  		Command: 
Time: Mon Mar 26 14:54:11 2018  		Command: 
Time: Mon Mar 26 14:54:18 2018  		Command: 
Time: Mon Mar 26 14:54:24 2018  		Command: 
Time: Mon Mar 26 14:54:30 2018  		Command: 
Time: Mon Mar 26 14:54:42 2018  		Command: 
Time: Mon Mar 26 14:54:48 2018  		Command: 
Time: Mon Mar 26 14:54:54 2018  		Command: 
Time: Mon Mar 26 14:55:00 2018  		Command: 
Time: Mon Mar 26 14:55:05 2018  		Command: 
Time: Mon Mar 26 14:55:12 2018  		Command: 
Time: Mon Mar 26 14:55:17 2018  		Command: 
Time: Mon Mar 26 14:55:23 2018  		Command: 
Time: Mon Mar 26 14:55:28 2018  		Command: 
Time: Mon Mar 26 14:55:33 2018  		Command: 
Time: Mon Mar 26 14:55:39 2018  		Command: 
Time: Mon Mar 26 14:55:46 2018  		Command: 
Time: Mon Mar 26 14:55:52 2018  		Command: 
Time: Mon Mar 26 14:55:59 2018  		Command: 
Time: Mon Mar 26 14:56:05 2018  		Command: 
Time: Mon Mar 26 14:56:10 2018  		Command: 
Time: Mon Mar 26 14:56:15 2018  		Command: 
Time: Mon Mar 26 14:56:21 2018  		Command: 
Time: Mon Mar 26 14:56:27 2018  		Command: 
Time: Mon Mar 26 14:56:33 2018  		Command: 
Time: Mon Mar 26 14:56:40 2018  		Command: 
Time: Mon Mar 26 14:56:46 2018  		Command: 
Time: Mon Mar 26 14:56:51 2018  		Command: 
Time: Mon Mar 26 14:56:59 2018  		Command: 
Time: Mon Mar 26 14:57:05 2018  		Command: 
Time: Mon Mar 26 14:57:11 2018  		Command: 
Time: Mon Mar 26 14:57:16 2018  		Command: 
Time: Mon Mar 26 14:57:24 2018  		Command: 
Time: Mon Mar 26 14:57:30 2018  		Command: 
Time: Mon Mar 26 14:57:36 2018  		Command: 
Time: Mon Mar 26 14:57:43 2018  		Command: 
Time: Mon Mar 26 14:57:51 2018  		Command: book
Time: Mon Mar 26 14:57:55 2018  		Command: 
Time: Mon Mar 26 14:58:01 2018  		Command: 
Time: Mon Mar 26 14:58:06 2018  		Command: 
Time: Mon Mar 26 14:58:12 2018  		Command: 
Time: Mon Mar 26 14:58:18 2018  		Command: 
Time: Mon Mar 26 14:58:22 2018  		Command: 
Time: Mon Mar 26 14:58:27 2018  		Command: 
Time: Mon Mar 26 14:58:34 2018  		Command: 
Time: Mon Mar 26 14:58:39 2018  		Command: 
Time: Mon Mar 26 14:58:45 2018  		Command: 
Time: Mon Mar 26 14:58:52 2018  		Command: 
Time: Mon Mar 26 14:59:00 2018  		Command: 
Time: Mon Mar 26 14:59:06 2018  		Command: 
Time: Mon Mar 26 14:59:12 2018  		Command: 
Time: Mon Mar 26 14:59:18 2018  		Command: 
Time: Mon Mar 26 14:59:24 2018  		Command: 
Time: Mon Mar 26 14:59:29 2018  		Command: 
Time: Mon Mar 26 14:59:37 2018  		Command: 
Time: Mon Mar 26 14:59:43 2018  		Command: 
Time: Mon Mar 26 14:59:49 2018  		Command: 
Time: Mon Mar 26 14:59:55 2018  		Command: 
Time: Mon Mar 26 15:00:01 2018  		Command: 
Time: Mon Mar 26 15:00:04 2018  		Command: 
Time: Mon Mar 26 15:00:09 2018  		Command: 
Time: Mon Mar 26 15:00:14 2018  		Command: 
Time: Mon Mar 26 15:00:20 2018  		Command: 
Time: Mon Mar 26 15:00:24 2018  		Command: 
Time: Mon Mar 26 15:00:30 2018  		Command: 
Time: Mon Mar 26 15:00:34 2018  		Command: 
Time: Mon Mar 26 15:00:39 2018  		Command: 
Time: Mon Mar 26 15:00:46 2018  		Command: 
Time: Mon Mar 26 15:00:52 2018  		Command: 
Time: Mon Mar 26 15:00:56 2018  		Command: 
Time: Mon Mar 26 15:01:00 2018  		Command: 
Time: Mon Mar 26 15:01:06 2018  		Command: 
Time: Mon Mar 26 15:01:10 2018  		Command: 
Time: Mon Mar 26 15:01:14 2018  		Command: 
Time: Mon Mar 26 15:01:20 2018  		Command: 
Time: Mon Mar 26 15:01:26 2018  		Command: difference
Time: Mon Mar 26 15:01:32 2018  		Command: 
Time: Mon Mar 26 15:01:37 2018  		Command: 
Time: Mon Mar 26 15:01:43 2018  		Command: 
Time: Mon Mar 26 15:01:49 2018  		Command: 
Time: Mon Mar 26 15:01:55 2018  		Command: 
Time: Mon Mar 26 15:02:00 2018  		Command: 
Time: Mon Mar 26 15:02:06 2018  		Command: 
Time: Mon Mar 26 15:02:11 2018  		Command: 
Time: Mon Mar 26 15:02:17 2018  		Command: 
Time: Mon Mar 26 15:02:23 2018  		Command: 
Time: Mon Mar 26 15:02:28 2018  		Command: 
Time: Mon Mar 26 15:02:34 2018  		Command: 
Time: Mon Mar 26 15:02:40 2018  		Command: 
Time: Mon Mar 26 15:02:45 2018  		Command: 
Time: Mon Mar 26 15:02:51 2018  		Command: 
Time: Mon Mar 26 15:02:59 2018  		Command: 
Time: Mon Mar 26 15:03:05 2018  		Command: 
Time: Mon Mar 26 15:03:10 2018  		Command: 
Time: Mon Mar 26 15:03:16 2018  		Command: 
Time: Mon Mar 26 15:03:22 2018  		Command: 
Time: Mon Mar 26 15:03:28 2018  		Command: 
Time: Mon Mar 26 15:03:34 2018  		Command: 
Time: Mon Mar 26 15:03:42 2018  		Command: 
Time: Mon Mar 26 15:03:54 2018  		Command: 
Time: Mon Mar 26 15:04:00 2018  		Command: 
Time: Mon Mar 26 15:04:06 2018  		Command: 
Time: Mon Mar 26 15:04:12 2018  		Command: 
Time: Mon Mar 26 15:04:18 2018  		Command: 
Time: Mon Mar 26 15:04:23 2018  		Command: 
Time: Mon Mar 26 15:04:29 2018  		Command: 
Time: Mon Mar 26 15:04:35 2018  		Command: 
Time: Mon Mar 26 15:04:41 2018  		Command: 
Time: Mon Mar 26 15:04:46 2018  		Command: 
Time: Mon Mar 26 15:04:52 2018  		Command: 
Time: Mon Mar 26 15:04:59 2018  		Command: 
Time: Mon Mar 26 15:05:04 2018  		Command: 
Time: Mon Mar 26 15:05:10 2018  		Command: 
Time: Mon Mar 26 15:05:16 2018  		Command: 
Time: Mon Mar 26 15:05:20 2018  		Command: 
Time: Mon Mar 26 15:05:26 2018  		Command: 
Time: Mon Mar 26 15:05:32 2018  		Command: 
Time: Mon Mar 26 15:05:38 2018  		Command: 
Time: Mon Mar 26 15:05:44 2018  		Command: 
Time: Mon Mar 26 15:05:50 2018  		Command: 
Time: Mon Mar 26 15:05:59 2018  		Command: 
Time: Mon Mar 26 15:06:05 2018  		Command: 
Time: Mon Mar 26 15:06:11 2018  		Command: 
Time: Mon Mar 26 15:06:17 2018  		Command: 
Time: Mon Mar 26 15:06:22 2018  		Command: 
Time: Mon Mar 26 15:06:28 2018  		Command: 
Time: Mon Mar 26 15:06:34 2018  		Command: 
Time: Mon Mar 26 15:06:40 2018  		Command: 
Time: Mon Mar 26 15:06:46 2018  		Command: 
Time: Mon Mar 26 15:06:52 2018  		Command: 
Time: Mon Mar 26 15:06:59 2018  		Command: 
Time: Mon Mar 26 15:07:05 2018  		Command: 
Time: Mon Mar 26 15:07:11 2018  		Command: 
Time: Mon Mar 26 15:07:16 2018  		Command: 
Time: Mon Mar 26 15:07:22 2018  		Command: 
Time: Mon Mar 26 15:07:28 2018  		Command: 
Time: Mon Mar 26 15:07:35 2018  		Command: 
Time: Mon Mar 26 15:07:41 2018  		Command: 
Time: Mon Mar 26 15:07:48 2018  		Command: 
Time: Mon Mar 26 15:08:03 2018  		Command: Genome Project
Time: Mon Mar 26 15:08:10 2018  		Command: 
Time: Mon Mar 26 15:08:15 2018  		Command: 
Time: Mon Mar 26 15:08:20 2018  		Command: 
Time: Mon Mar 26 15:08:29 2018  		Command: 
Time: Mon Mar 26 15:08:35 2018  		Command: 
Time: Mon Mar 26 15:08:42 2018  		Command: 
Time: Mon Mar 26 15:08:48 2018  		Command: 
Time: Mon Mar 26 15:08:57 2018  		Command: 
Time: Mon Mar 26 15:09:06 2018  		Command: BP picture
Time: Mon Mar 26 15:09:12 2018  		Command: 
Time: Mon Mar 26 15:09:18 2018  		Command: 
Time: Mon Mar 26 15:09:25 2018  		Command: 
Time: Mon Mar 26 15:09:30 2018  		Command: 
Time: Mon Mar 26 15:09:37 2018  		Command: 
Time: Mon Mar 26 15:09:43 2018  		Command: 
Time: Mon Mar 26 15:09:51 2018  		Command: 
Time: Mon Mar 26 15:09:58 2018  		Command: 
Time: Mon Mar 26 15:10:07 2018  		Command: 
Time: Mon Mar 26 15:10:14 2018  		Command: 
Time: Mon Mar 26 15:10:19 2018  		Command: 
Time: Mon Mar 26 15:10:23 2018  		Command: 
Time: Mon Mar 26 15:10:29 2018  		Command: 
Time: Mon Mar 26 15:10:36 2018  		Command: 
Time: Mon Mar 26 15:10:43 2018  		Command: 
Time: Mon Mar 26 15:10:48 2018  		Command: 
Time: Mon Mar 26 15:10:54 2018  		Command: 
Time: Mon Mar 26 15:11:00 2018  		Command: 
Time: Mon Mar 26 15:11:08 2018  		Command: 
Time: Mon Mar 26 15:11:15 2018  		Command: 
Time: Mon Mar 26 15:11:22 2018  		Command: 
Time: Mon Mar 26 15:11:28 2018  		Command: 
Time: Mon Mar 26 15:11:35 2018  		Command: 
Time: Mon Mar 26 15:11:41 2018  		Command: 
Time: Mon Mar 26 15:11:47 2018  		Command: 
Time: Mon Mar 26 15:11:52 2018  		Command: 
Time: Mon Mar 26 15:11:59 2018  		Command: 
Time: Mon Mar 26 15:12:04 2018  		Command: 
Time: Mon Mar 26 15:12:11 2018  		Command: 
Time: Mon Mar 26 15:12:17 2018  		Command: 
Time: Mon Mar 26 15:12:22 2018  		Command: 
Time: Mon Mar 26 15:12:28 2018  		Command: 
Time: Mon Mar 26 15:12:34 2018  		Command: 
Time: Mon Mar 26 15:12:39 2018  		Command: 
Time: Mon Mar 26 15:12:45 2018  		Command: 
Time: Mon Mar 26 15:12:50 2018  		Command: 
Time: Mon Mar 26 15:12:56 2018  		Command: 
Time: Mon Mar 26 15:13:02 2018  		Command: 
Time: Mon Mar 26 15:13:09 2018  		Command: 
Time: Mon Mar 26 15:13:15 2018  		Command: 
Time: Mon Mar 26 15:13:21 2018  		Command: 
Time: Mon Mar 26 15:13:26 2018  		Command: 
Time: Mon Mar 26 15:13:31 2018  		Command: 
Time: Mon Mar 26 15:13:37 2018  		Command: 
Time: Mon Mar 26 15:13:43 2018  		Command: 
Time: Mon Mar 26 15:13:48 2018  		Command: 
Time: Mon Mar 26 15:13:54 2018  		Command: 
Time: Mon Mar 26 15:13:59 2018  		Command: 
Time: Mon Mar 26 15:14:04 2018  		Command: 
Time: Mon Mar 26 15:14:10 2018  		Command: 
Time: Mon Mar 26 15:14:16 2018  		Command: 
Time: Mon Mar 26 15:14:22 2018  		Command: 
Time: Mon Mar 26 15:14:27 2018  		Command: 
Time: Mon Mar 26 15:14:32 2018  		Command: 
Time: Mon Mar 26 15:14:38 2018  		Command: 
Time: Mon Mar 26 15:14:44 2018  		Command: 
Time: Mon Mar 26 15:14:49 2018  		Command: 
Time: Mon Mar 26 15:14:53 2018  		Command: 
Time: Mon Mar 26 15:15:00 2018  		Command: 
Time: Mon Mar 26 15:15:05 2018  		Command: 
Time: Mon Mar 26 15:15:11 2018  		Command: 
Time: Mon Mar 26 15:15:17 2018  		Command: 
Time: Mon Mar 26 15:15:24 2018  		Command: 
Time: Mon Mar 26 15:15:30 2018  		Command: 
Time: Mon Mar 26 15:15:36 2018  		Command: 
Time: Mon Mar 26 15:15:41 2018  		Command: 
Time: Mon Mar 26 15:15:47 2018  		Command: 
Time: Mon Mar 26 15:15:56 2018  		Command: 
Time: Mon Mar 26 15:16:02 2018  		Command: 
Time: Mon Mar 26 15:16:07 2018  		Command: 
Time: Mon Mar 26 15:16:13 2018  		Command: 
Time: Mon Mar 26 15:16:18 2018  		Command: 
Time: Mon Mar 26 15:16:24 2018  		Command: 
Time: Mon Mar 26 15:16:30 2018  		Command: 
Time: Mon Mar 26 15:16:35 2018  		Command: 
Time: Mon Mar 26 15:16:41 2018  		Command: 
Time: Mon Mar 26 15:16:47 2018  		Command: 
Time: Mon Mar 26 15:16:53 2018  		Command: 
Time: Mon Mar 26 15:16:59 2018  		Command: 
Time: Mon Mar 26 15:17:05 2018  		Command: 
Time: Mon Mar 26 15:17:11 2018  		Command: 
Time: Mon Mar 26 15:17:18 2018  		Command: 
Time: Mon Mar 26 15:17:23 2018  		Command: 
Time: Mon Mar 26 15:17:30 2018  		Command: 
Time: Mon Mar 26 15:17:35 2018  		Command: 
Time: Mon Mar 26 15:17:43 2018  		Command: 
Time: Mon Mar 26 15:17:49 2018  		Command: 
Time: Mon Mar 26 15:17:55 2018  		Command: 
Time: Mon Mar 26 15:18:01 2018  		Command: 
Time: Mon Mar 26 15:18:08 2018  		Command: 
Time: Mon Mar 26 15:18:14 2018  		Command: 
Time: Mon Mar 26 15:18:20 2018  		Command: 
Time: Mon Mar 26 15:18:27 2018  		Command: 
Time: Mon Mar 26 15:18:33 2018  		Command: 
Time: Mon Mar 26 15:18:40 2018  		Command: 
Time: Mon Mar 26 15:18:46 2018  		Command: 
Time: Mon Mar 26 15:18:56 2018  		Command: 
Time: Mon Mar 26 15:19:02 2018  		Command: 
Time: Mon Mar 26 15:19:08 2018  		Command: 
Time: Mon Mar 26 15:19:13 2018  		Command: 
Time: Mon Mar 26 15:19:18 2018  		Command: 
Time: Mon Mar 26 15:19:24 2018  		Command: 
Time: Mon Mar 26 15:19:30 2018  		Command: 
Time: Mon Mar 26 15:19:35 2018  		Command: 
Time: Mon Mar 26 15:19:41 2018  		Command: 
Time: Mon Mar 26 15:19:49 2018  		Command: 
Time: Mon Mar 26 15:19:54 2018  		Command: 
Time: Mon Mar 26 15:19:59 2018  		Command: 
Time: Mon Mar 26 15:20:05 2018  		Command: 
Time: Mon Mar 26 15:20:10 2018  		Command: 
Time: Mon Mar 26 15:20:16 2018  		Command: 
Time: Mon Mar 26 15:20:22 2018  		Command: 
Time: Mon Mar 26 15:20:27 2018  		Command: 
Time: Mon Mar 26 15:20:33 2018  		Command: 
Time: Mon Mar 26 15:20:36 2018  		Command: 
Time: Mon Mar 26 15:20:42 2018  		Command: 
Time: Mon Mar 26 15:20:48 2018  		Command: 
Time: Mon Mar 26 15:20:54 2018  		Command: 
Time: Mon Mar 26 15:21:00 2018  		Command: 
Time: Mon Mar 26 15:21:05 2018  		Command: 
Time: Mon Mar 26 15:21:11 2018  		Command: 
Time: Mon Mar 26 15:21:17 2018  		Command: 
Time: Mon Mar 26 15:21:22 2018  		Command: 
Time: Mon Mar 26 15:21:29 2018  		Command: 
Time: Mon Mar 26 15:21:34 2018  		Command: 
Time: Mon Mar 26 15:21:40 2018  		Command: 
Time: Mon Mar 26 15:21:45 2018  		Command: 
Time: Mon Mar 26 15:21:52 2018  		Command: 
Time: Mon Mar 26 15:22:00 2018  		Command: 
Time: Mon Mar 26 15:22:07 2018  		Command: 
Time: Mon Mar 26 15:22:13 2018  		Command: 
Time: Mon Mar 26 15:22:19 2018  		Command: 
Time: Mon Mar 26 15:22:23 2018  		Command: 
Time: Mon Mar 26 15:22:31 2018  		Command: 
Time: Mon Mar 26 15:22:38 2018  		Command: 
Time: Mon Mar 26 15:22:45 2018  		Command: 
Time: Mon Mar 26 15:22:51 2018  		Command: 
Time: Mon Mar 26 15:22:59 2018  		Command: 
Time: Mon Mar 26 15:23:05 2018  		Command: 
Time: Mon Mar 26 15:23:11 2018  		Command: 
Time: Mon Mar 26 15:23:16 2018  		Command: 
Time: Mon Mar 26 15:23:22 2018  		Command: 
Time: Mon Mar 26 15:23:26 2018  		Command: 
Time: Mon Mar 26 15:23:32 2018  		Command: 
Time: Mon Mar 26 15:23:39 2018  		Command: 
Time: Mon Mar 26 15:23:45 2018  		Command: 
Time: Mon Mar 26 15:23:51 2018  		Command: 
Time: Mon Mar 26 15:24:00 2018  		Command: 
Time: Mon Mar 26 15:24:05 2018  		Command: 
Time: Mon Mar 26 15:24:10 2018  		Command: 
Time: Mon Mar 26 15:24:16 2018  		Command: 
Time: Mon Mar 26 15:24:23 2018  		Command: 
Time: Mon Mar 26 15:24:29 2018  		Command: 
Time: Mon Mar 26 15:24:34 2018  		Command: 
Time: Mon Mar 26 15:24:40 2018  		Command: 
Time: Mon Mar 26 15:24:48 2018  		Command: 
Time: Mon Mar 26 15:24:53 2018  		Command: 
Time: Mon Mar 26 15:25:00 2018  		Command: 
Time: Mon Mar 26 15:25:08 2018  		Command: 
Time: Mon Mar 26 15:25:14 2018  		Command: Sultan
Time: Mon Mar 26 15:25:31 2018  		Command: 
Time: Mon Mar 26 15:25:37 2018  		Command: 
Time: Mon Mar 26 15:25:43 2018  		Command: 
Time: Mon Mar 26 15:25:50 2018  		Command: 
Time: Mon Mar 26 15:25:56 2018  		Command: 
Time: Mon Mar 26 15:26:02 2018  		Command: 
Time: Mon Mar 26 15:26:08 2018  		Command: 
Time: Mon Mar 26 15:26:14 2018  		Command: 
Time: Mon Mar 26 15:26:21 2018  		Command: 
Time: Mon Mar 26 15:26:26 2018  		Command: 
Time: Mon Mar 26 15:26:31 2018  		Command: 
Time: Mon Mar 26 15:26:38 2018  		Command: 
Time: Mon Mar 26 15:26:43 2018  		Command: 
Time: Mon Mar 26 15:26:52 2018  		Command: 
Time: Mon Mar 26 15:26:59 2018  		Command: 
Time: Mon Mar 26 15:27:06 2018  		Command: 
Time: Mon Mar 26 15:27:11 2018  		Command: 
Time: Mon Mar 26 15:27:17 2018  		Command: 
Time: Mon Mar 26 15:27:23 2018  		Command: 
Time: Mon Mar 26 15:27:29 2018  		Command: 
Time: Mon Mar 26 15:27:36 2018  		Command: 
Time: Mon Mar 26 15:27:50 2018  		Command: 
Time: Mon Mar 26 15:27:56 2018  		Command: 
Time: Mon Mar 26 15:28:01 2018  		Command: 
Time: Mon Mar 26 15:28:09 2018  		Command: 
Time: Mon Mar 26 15:28:15 2018  		Command: 
Time: Mon Mar 26 15:28:22 2018  		Command: 
Time: Mon Mar 26 15:28:28 2018  		Command: 
Time: Mon Mar 26 15:28:34 2018  		Command: 
Time: Mon Mar 26 15:28:42 2018  		Command: Wake me at?
Time: Mon Mar 26 15:28:48 2018  		Command: 
Time: Mon Mar 26 15:28:54 2018  		Command: 
Time: Mon Mar 26 15:29:00 2018  		Command: 
Time: Mon Mar 26 15:29:06 2018  		Command: 
Time: Mon Mar 26 15:29:12 2018  		Command: 
Time: Mon Mar 26 15:29:23 2018  		Command: exhibition
Time: Mon Mar 26 15:29:34 2018  		Command: starting soon
Time: Mon Mar 26 15:29:40 2018  		Command: 
Time: Mon Mar 26 15:29:52 2018  		Command: 
Time: Mon Mar 26 15:30:01 2018  		Command: 
Time: Mon Mar 26 15:30:10 2018  		Command: 
Time: Mon Mar 26 15:30:22 2018  		Command: 
Time: Mon Mar 26 15:30:29 2018  		Command: 
Time: Mon Mar 26 15:30:35 2018  		Command: 
Time: Mon Mar 26 15:30:44 2018  		Command: 
Time: Mon Mar 26 15:30:51 2018  		Command: 
Time: Mon Mar 26 15:30:58 2018  		Command: 
Time: Mon Mar 26 15:31:05 2018  		Command: 
Time: Mon Mar 26 15:31:15 2018  		Command: 
Time: Mon Mar 26 15:31:20 2018  		Command: 
Time: Mon Mar 26 15:31:27 2018  		Command: 
Time: Mon Mar 26 15:31:32 2018  		Command: 
Time: Mon Mar 26 15:31:38 2018  		Command: 
Time: Mon Mar 26 15:31:45 2018  		Command: 
Time: Mon Mar 26 15:31:51 2018  		Command: 
Time: Mon Mar 26 15:31:59 2018  		Command: 
Time: Mon Mar 26 15:32:05 2018  		Command: 
Time: Mon Mar 26 15:32:11 2018  		Command: 
Time: Mon Mar 26 15:32:16 2018  		Command: 
Time: Mon Mar 26 15:32:23 2018  		Command: 
Time: Mon Mar 26 15:32:28 2018  		Command: 
Time: Mon Mar 26 15:32:34 2018  		Command: 
Time: Mon Mar 26 15:32:40 2018  		Command: 
Time: Mon Mar 26 15:32:46 2018  		Command: 
Time: Mon Mar 26 15:32:52 2018  		Command: 
Time: Mon Mar 26 15:41:42 2018  		Command: 
Time: Mon Mar 26 15:41:58 2018  		Command: 
Time: Mon Mar 26 15:42:04 2018  		Command: 
Time: Mon Mar 26 15:42:10 2018  		Command: 
Time: Mon Mar 26 15:42:16 2018  		Command: 
Time: Mon Mar 26 15:42:24 2018  		Command: 
Time: Mon Mar 26 15:42:31 2018  		Command: 
Time: Mon Mar 26 15:42:37 2018  		Command: 
Time: Mon Mar 26 15:42:42 2018  		Command: 
Time: Mon Mar 26 15:42:48 2018  		Command: 
Time: Mon Mar 26 15:43:00 2018  		Command: 
Time: Mon Mar 26 15:43:10 2018  		Command: 
Time: Mon Mar 26 15:43:20 2018  		Command: 
Time: Mon Mar 26 15:43:27 2018  		Command: 
Time: Mon Mar 26 15:43:35 2018  		Command: 
Time: Mon Mar 26 15:43:41 2018  		Command: 
Time: Mon Mar 26 15:43:46 2018  		Command: 
Time: Mon Mar 26 15:43:53 2018  		Command: 
Time: Mon Mar 26 15:44:02 2018  		Command: 
Time: Mon Mar 26 15:44:11 2018  		Command: 
Time: Mon Mar 26 15:44:20 2018  		Command: 
Time: Mon Mar 26 15:44:24 2018  		Command: 
Time: Mon Mar 26 15:44:27 2018  		Command: 
Time: Mon Mar 26 15:44:37 2018  		Command: 
Time: Mon Mar 26 15:44:41 2018  		Command: 
Time: Mon Mar 26 15:44:48 2018  		Command: 
Time: Mon Mar 26 15:44:52 2018  		Command: 
Time: Mon Mar 26 15:44:58 2018  		Command: 
Time: Mon Mar 26 15:45:11 2018  		Command: 
Time: Mon Mar 26 15:45:17 2018  		Command: 
Time: Mon Mar 26 15:45:24 2018  		Command: 
Time: Mon Mar 26 15:45:31 2018  		Command: 
Time: Mon Mar 26 15:45:38 2018  		Command: 
Time: Mon Mar 26 15:45:45 2018  		Command: 
Time: Mon Mar 26 15:45:51 2018  		Command: 
Time: Mon Mar 26 15:45:56 2018  		Command: 
Time: Mon Mar 26 15:46:02 2018  		Command: 
Time: Mon Mar 26 15:46:09 2018  		Command: 
Time: Mon Mar 26 15:46:13 2018  		Command: 
Time: Mon Mar 26 15:46:19 2018  		Command: 
Time: Mon Mar 26 15:46:33 2018  		Command: 
Time: Mon Mar 26 15:46:38 2018  		Command: 
Time: Mon Mar 26 15:46:43 2018  		Command: 
Time: Mon Mar 26 15:46:47 2018  		Command: 
Time: Mon Mar 26 15:46:57 2018  		Command: 
Time: Mon Mar 26 15:47:02 2018  		Command: 
Time: Mon Mar 26 15:47:15 2018  		Command: 
Time: Mon Mar 26 15:47:20 2018  		Command: 
Time: Mon Mar 26 15:47:27 2018  		Command: 
Time: Mon Mar 26 15:47:32 2018  		Command: 
Time: Mon Mar 26 15:47:37 2018  		Command: 
Time: Mon Mar 26 15:47:43 2018  		Command: 
Time: Mon Mar 26 15:47:47 2018  		Command: 
Time: Mon Mar 26 15:47:53 2018  		Command: 
Time: Mon Mar 26 15:48:01 2018  		Command: 
Time: Mon Mar 26 15:48:06 2018  		Command: 
Time: Mon Mar 26 15:48:11 2018  		Command: 
Time: Mon Mar 26 15:48:19 2018  		Command: 
Time: Mon Mar 26 15:48:32 2018  		Command: 
Time: Mon Mar 26 15:48:40 2018  		Command: hidden videos
Time: Mon Mar 26 15:48:43 2018  		Command: 
Time: Mon Mar 26 15:48:50 2018  		Command: 
Time: Mon Mar 26 15:48:55 2018  		Command: 
Time: Mon Mar 26 15:48:59 2018  		Command: 
Time: Mon Mar 26 15:49:04 2018  		Command: 
Time: Mon Mar 26 15:49:08 2018  		Command: 
Time: Mon Mar 26 15:49:16 2018  		Command: 
Time: Mon Mar 26 15:49:21 2018  		Command: 
Time: Mon Mar 26 15:49:25 2018  		Command: 
Time: Mon Mar 26 15:49:29 2018  		Command: 
Time: Mon Mar 26 15:49:35 2018  		Command: 
Time: Mon Mar 26 15:49:43 2018  		Command: 
Time: Mon Mar 26 15:49:47 2018  		Command: 
Time: Mon Mar 26 15:49:52 2018  		Command: 
Time: Mon Mar 26 15:49:59 2018  		Command: 
Time: Mon Mar 26 15:50:05 2018  		Command: 
Time: Mon Mar 26 15:50:09 2018  		Command: 
Time: Mon Mar 26 15:50:14 2018  		Command: 
